Using pre-set license
Built from '2021.1/release' branch; Version is '2021.1.16f1 (5fa502fca597) revision 6268162'; Using compiler version '192528614'; Build Type 'Release'
OS: 'Windows 10 Home; OS build 19042.1237; Version 2009; 64bit' Language: 'en' Physical Memory: 32663 MB
BatchMode: 1, IsHumanControllingUs: 0, StartBugReporterOnCrash: 0, Is64bit: 1, IsPro: 0

 COMMAND LINE ARGUMENTS:
D:\Unity\2021.1.16f1\Editor\Unity.exe
-adb2
-batchMode
-noUpm
-name
AssetImportWorker0
-projectPath
D:/Unity Projects/CustomScriptTemplates
-logFile
Logs/AssetImportWorker0.log
-srvPort
1040
Successfully changed project path to: D:/Unity Projects/CustomScriptTemplates
D:/Unity Projects/CustomScriptTemplates
Using Asset Import Pipeline V2.
Refreshing native plugins compatible for Editor in 111.17 ms, found 4 plugins.
Preloading 0 native plugins for Editor in 0.00 ms.
Initialize engine version: 2021.1.16f1 (5fa502fca597)
[Subsystems] Discovering subsystems at path D:/Unity/2021.1.16f1/Editor/Data/Resources/UnitySubsystems
[Subsystems] Discovering subsystems at path D:/Unity Projects/CustomScriptTemplates/Assets
GfxDevice: creating device client; threaded=0; jobified=0
Direct3D:
    Version:  Direct3D 11.0 [level 11.1]
    Renderer: NVIDIA GeForce GTX 1080 Ti (ID=0x1b06)
    Vendor:   NVIDIA
    VRAM:     11127 MB
    Driver:   30.0.14.7111
Initialize mono
Mono path[0] = 'D:/Unity/2021.1.16f1/Editor/Data/Managed'
Mono path[1] = 'D:/Unity/2021.1.16f1/Editor/Data/MonoBleedingEdge/lib/mono/unityjit'
Mono config path = 'D:/Unity/2021.1.16f1/Editor/Data/MonoBleedingEdge/etc'
Using monoOptions --debugger-agent=transport=dt_socket,embedding=1,server=y,suspend=n,address=127.0.0.1:56312
Begin MonoManager ReloadAssembly
Registering precompiled unity dll's ...
Register platform support module: D:/Unity/2021.1.16f1/Editor/Data/PlaybackEngines/WindowsStandaloneSupport/UnityEditor.WindowsStandalone.Extensions.dll
Registered in 0.001376 seconds.
Native extension for WindowsStandalone target not found
Refreshing native plugins compatible for Editor in 110.80 ms, found 4 plugins.
Preloading 0 native plugins for Editor in 0.00 ms.
Mono: successfully reloaded assembly
- Completed reload, in  1.129 seconds
Domain Reload Profiling:
	ReloadAssembly (1129ms)
		BeginReloadAssembly (69ms)
			ExecutionOrderSort (0ms)
			DisableScriptedObjects (0ms)
			BackupInstance (0ms)
			ReleaseScriptingObjects (0ms)
			CreateAndSetChildDomain (1ms)
		EndReloadAssembly (551ms)
			LoadAssemblies (68ms)
			RebuildTransferFunctionScriptingTraits (0ms)
			SetupTypeCache (196ms)
			ReleaseScriptCaches (0ms)
			RebuildScriptCaches (34ms)
			SetupLoadedEditorAssemblies (270ms)
				LogAssemblyErrors (0ms)
				InitializePlatformSupportModulesInManaged (7ms)
				SetLoadedEditorAssemblies (0ms)
				RefreshPlugins (111ms)
				BeforeProcessingInitializeOnLoad (2ms)
				ProcessInitializeOnLoadAttributes (115ms)
				ProcessInitializeOnLoadMethodAttributes (35ms)
				AfterProcessingInitializeOnLoad (0ms)
				EditorAssembliesLoaded (0ms)
			ExecutionOrderSort2 (0ms)
			AwakeInstancesAfterBackupRestoration (0ms)
Platform modules already initialized, skipping
Registering precompiled user dll's ...
Registered in 0.005181 seconds.
Begin MonoManager ReloadAssembly
Symbol file LoadedFromMemory doesn't match image D:\Unity Projects\CustomScriptTemplates\Library\PackageCache\com.unity.visualscripting@1.6.1\Editor\VisualScripting.Core\Dependencies\YamlDotNet\Unity.VisualScripting.YamlDotNet.dll
Symbol file LoadedFromMemory doesn't match image D:\Unity Projects\CustomScriptTemplates\Library\PackageCache\com.unity.visualscripting@1.6.1\Editor\VisualScripting.Core\Dependencies\DotNetZip\Unity.VisualScripting.IonicZip.dll
Native extension for WindowsStandalone target not found
Refreshing native plugins compatible for Editor in 105.95 ms, found 4 plugins.
Preloading 0 native plugins for Editor in 0.00 ms.
Mono: successfully reloaded assembly
- Completed reload, in  1.521 seconds
Domain Reload Profiling:
	ReloadAssembly (1522ms)
		BeginReloadAssembly (174ms)
			ExecutionOrderSort (0ms)
			DisableScriptedObjects (6ms)
			BackupInstance (0ms)
			ReleaseScriptingObjects (0ms)
			CreateAndSetChildDomain (22ms)
		EndReloadAssembly (1288ms)
			LoadAssemblies (107ms)
			RebuildTransferFunctionScriptingTraits (0ms)
			SetupTypeCache (424ms)
			ReleaseScriptCaches (1ms)
			RebuildScriptCaches (60ms)
			SetupLoadedEditorAssemblies (591ms)
				LogAssemblyErrors (0ms)
				InitializePlatformSupportModulesInManaged (4ms)
				SetLoadedEditorAssemblies (0ms)
				RefreshPlugins (106ms)
				BeforeProcessingInitializeOnLoad (88ms)
				ProcessInitializeOnLoadAttributes (371ms)
				ProcessInitializeOnLoadMethodAttributes (20ms)
				AfterProcessingInitializeOnLoad (3ms)
				EditorAssembliesLoaded (0ms)
			ExecutionOrderSort2 (0ms)
			AwakeInstancesAfterBackupRestoration (8ms)
Platform modules already initialized, skipping
========================================================================
Worker process is ready to serve import requests
Launched and connected shader compiler UnityShaderCompiler.exe after 0.04 seconds
Refreshing native plugins compatible for Editor in 0.82 ms, found 4 plugins.
Preloading 0 native plugins for Editor in 0.00 ms.
Unloading 3675 Unused Serialized files (Serialized files now loaded: 0)
System memory in use before: 136.3 MB.
System memory in use after: 136.4 MB.

Unloading 37 unused Assets to reduce memory usage. Loaded Objects now: 4119.
Total: 3.988300 ms (FindLiveObjects: 0.316900 ms CreateObjectMapping: 0.186000 ms MarkObjects: 3.345800 ms  DeleteObjects: 0.138600 ms)

AssetImportParameters requested are different than current active one (requested -> active):
  custom:framework-win-MediaFoundation: 216162199b28c13a410421893ffa2e32 -> 
  custom:video-decoder-ogg-theora: a1e56fd34408186e4bbccfd4996cb3dc -> 
  custom:container-muxer-webm: aa71ff27fc2769a1b78a27578f13a17b -> 
  custom:container-demuxer-webm: 4f35f7cbe854078d1ac9338744f61a02 -> 
  custom:container-demuxer-ogg: 62fdf1f143b41e24485cea50d1cbac27 -> 
  custom:video-encoder-webm-vp8: eb34c28f22e8b96e1ab97ce403110664 -> 
  custom:video-decoder-webm-vp8: 9c59270c3fd7afecdb556c50c9e8de78 -> 
  custom:audio-decoder-ogg-vorbis: bf7c407c2cedff20999df2af8eb42d56 -> 
  custom:audio-encoder-webm-vorbis: bf7c407c2cedff20999df2af8eb42d56 -> 
========================================================================
Received Import Request.
  path: Assets
  artifactKey: Guid(00000000000000001000000000000000) Importer(815301076,1909f56bfc062723c751e8b465ee728b)
Start importing Assets using Guid(00000000000000001000000000000000) Importer(815301076,1909f56bfc062723c751e8b465ee728b)  -> (artifact id: '68a4034d3d715da871e781da702f0bc5') in 0.006147 seconds 
========================================================================
Received Import Request.
  Time since last request: 2.576081 seconds.
  path: Assets/Plugins
  artifactKey: Guid(ce41977c159521748a75e4693d719208) Importer(815301076,1909f56bfc062723c751e8b465ee728b)
Start importing Assets/Plugins using Guid(ce41977c159521748a75e4693d719208) Importer(815301076,1909f56bfc062723c751e8b465ee728b)  -> (artifact id: 'ecbabb27b82473571d138c06c6e3f9bf') in 0.001724 seconds 
========================================================================
Received Prepare
Registering precompiled user dll's ...
Registered in 0.005005 seconds.
Begin MonoManager ReloadAssembly
Symbol file LoadedFromMemory doesn't match image D:\Unity Projects\CustomScriptTemplates\Library\PackageCache\com.unity.visualscripting@1.6.1\Editor\VisualScripting.Core\Dependencies\YamlDotNet\Unity.VisualScripting.YamlDotNet.dll
Symbol file LoadedFromMemory doesn't match image D:\Unity Projects\CustomScriptTemplates\Library\PackageCache\com.unity.visualscripting@1.6.1\Editor\VisualScripting.Core\Dependencies\DotNetZip\Unity.VisualScripting.IonicZip.dll
Native extension for WindowsStandalone target not found
Refreshing native plugins compatible for Editor in 0.83 ms, found 4 plugins.
Preloading 0 native plugins for Editor in 0.00 ms.
Mono: successfully reloaded assembly
- Completed reload, in  1.344 seconds
Domain Reload Profiling:
	ReloadAssembly (1344ms)
		BeginReloadAssembly (148ms)
			ExecutionOrderSort (0ms)
			DisableScriptedObjects (8ms)
			BackupInstance (0ms)
			ReleaseScriptingObjects (0ms)
			CreateAndSetChildDomain (48ms)
		EndReloadAssembly (1133ms)
			LoadAssemblies (108ms)
			RebuildTransferFunctionScriptingTraits (0ms)
			SetupTypeCache (412ms)
			ReleaseScriptCaches (2ms)
			RebuildScriptCaches (51ms)
			SetupLoadedEditorAssemblies (447ms)
				LogAssemblyErrors (0ms)
				InitializePlatformSupportModulesInManaged (5ms)
				SetLoadedEditorAssemblies (1ms)
				RefreshPlugins (1ms)
				BeforeProcessingInitializeOnLoad (63ms)
				ProcessInitializeOnLoadAttributes (360ms)
				ProcessInitializeOnLoadMethodAttributes (14ms)
				AfterProcessingInitializeOnLoad (3ms)
				EditorAssembliesLoaded (0ms)
			ExecutionOrderSort2 (0ms)
			AwakeInstancesAfterBackupRestoration (13ms)
Platform modules already initialized, skipping
Refreshing native plugins compatible for Editor in 0.84 ms, found 4 plugins.
Preloading 0 native plugins for Editor in 0.00 ms.
Unloading 3675 Unused Serialized files (Serialized files now loaded: 0)
System memory in use before: 136.4 MB.
System memory in use after: 136.5 MB.

Unloading 25 unused Assets to reduce memory usage. Loaded Objects now: 4128.
Total: 4.033800 ms (FindLiveObjects: 0.295900 ms CreateObjectMapping: 0.179500 ms MarkObjects: 3.451800 ms  DeleteObjects: 0.105300 ms)

AssetImportParameters requested are different than current active one (requested -> active):
  custom:framework-win-MediaFoundation: 216162199b28c13a410421893ffa2e32 -> 
  custom:video-decoder-ogg-theora: a1e56fd34408186e4bbccfd4996cb3dc -> 
  custom:container-muxer-webm: aa71ff27fc2769a1b78a27578f13a17b -> 
  custom:container-demuxer-webm: 4f35f7cbe854078d1ac9338744f61a02 -> 
  custom:container-demuxer-ogg: 62fdf1f143b41e24485cea50d1cbac27 -> 
  custom:video-encoder-webm-vp8: eb34c28f22e8b96e1ab97ce403110664 -> 
  custom:video-decoder-webm-vp8: 9c59270c3fd7afecdb556c50c9e8de78 -> 
  custom:audio-decoder-ogg-vorbis: bf7c407c2cedff20999df2af8eb42d56 -> 
  custom:audio-encoder-webm-vorbis: bf7c407c2cedff20999df2af8eb42d56 -> 
========================================================================
Received Import Request.
  Time since last request: 15.801162 seconds.
  path: Assets/Plugins/Custom Script Templates
  artifactKey: Guid(08ca6fc1331d30446959ca07c285d758) Importer(815301076,1909f56bfc062723c751e8b465ee728b)
Start importing Assets/Plugins/Custom Script Templates using Guid(08ca6fc1331d30446959ca07c285d758) Importer(815301076,1909f56bfc062723c751e8b465ee728b)  -> (artifact id: '3c8ee9b49e8c3f91688da04f22b3613d') in 0.007070 seconds 
========================================================================
Received Import Request.
  Time since last request: 0.035738 seconds.
  path: Assets/Plugins/Custom Script Templates/CustomScriptTemplatesAssembly.asmdef
  artifactKey: Guid(eea0eafa1b8743943971631176303629) Importer(815301076,1909f56bfc062723c751e8b465ee728b)
Start importing Assets/Plugins/Custom Script Templates/CustomScriptTemplatesAssembly.asmdef using Guid(eea0eafa1b8743943971631176303629) Importer(815301076,1909f56bfc062723c751e8b465ee728b)  -> (artifact id: '07be9735b331b6cb5cfc6e0d71ed7d00') in 0.018910 seconds 
========================================================================
Received Import Request.
  Time since last request: 3.484086 seconds.
  path: Assets/Plugins/Custom Script Templates/Settings (Don't import on update!)
  artifactKey: Guid(b1a3545c00f9bfc41887f91a2d8d111b) Importer(815301076,1909f56bfc062723c751e8b465ee728b)
Start importing Assets/Plugins/Custom Script Templates/Settings (Don't import on update!) using Guid(b1a3545c00f9bfc41887f91a2d8d111b) Importer(815301076,1909f56bfc062723c751e8b465ee728b)  -> (artifact id: 'c5cbb2c545e5c9a25bfa3fe5be8d85cf') in 0.002008 seconds 
========================================================================
Received Import Request.
  Time since last request: 0.044533 seconds.
  path: Assets/Plugins/Custom Script Templates/Settings (Don't import on update!)/Settings.asset
  artifactKey: Guid(05ef1c298abe3604584e35f618d8aa1d) Importer(815301076,1909f56bfc062723c751e8b465ee728b)
Start importing Assets/Plugins/Custom Script Templates/Settings (Don't import on update!)/Settings.asset using Guid(05ef1c298abe3604584e35f618d8aa1d) Importer(815301076,1909f56bfc062723c751e8b465ee728b)  -> (artifact id: 'ebfd627c0d02564e77872e7c0105b8e0') in 0.015433 seconds 
========================================================================
Received Import Request.
  Time since last request: 5.751450 seconds.
  path: Assets/Plugins/Custom Script Templates/Images
  artifactKey: Guid(c070714bb7f427a4ca8a0cefd2c16aa7) Importer(815301076,1909f56bfc062723c751e8b465ee728b)
Start importing Assets/Plugins/Custom Script Templates/Images using Guid(c070714bb7f427a4ca8a0cefd2c16aa7) Importer(815301076,1909f56bfc062723c751e8b465ee728b)  -> (artifact id: '7ce2699296d75b188c03f1c354c2ebc5') in 0.001775 seconds 
========================================================================
Received Import Request.
  Time since last request: 0.118659 seconds.
  path: Assets/Plugins/Custom Script Templates/Images/Create Menu.png
  artifactKey: Guid(09cf912eb9c099242ac14be31416012e) Importer(815301076,1909f56bfc062723c751e8b465ee728b)
Start importing Assets/Plugins/Custom Script Templates/Images/Create Menu.png using Guid(09cf912eb9c099242ac14be31416012e) Importer(815301076,1909f56bfc062723c751e8b465ee728b)  -> (artifact id: '837181aede62fd7db921b539c72d9bbc') in 0.085081 seconds 
========================================================================
Received Import Request.
  Time since last request: 0.000214 seconds.
  path: Assets/Plugins/Custom Script Templates/Images/Custom Script Templates.png
  artifactKey: Guid(ddfa5759dd42ae74d9cc20baa878ce15) Importer(815301076,1909f56bfc062723c751e8b465ee728b)
Start importing Assets/Plugins/Custom Script Templates/Images/Custom Script Templates.png using Guid(ddfa5759dd42ae74d9cc20baa878ce15) Importer(815301076,1909f56bfc062723c751e8b465ee728b)  -> (artifact id: '15e7552494760298cf816c547ef63488') in 0.011592 seconds 
========================================================================
Received Import Request.
  Time since last request: 0.000223 seconds.
  path: Assets/Plugins/Custom Script Templates/Images/Favicon.png
  artifactKey: Guid(56f0e7123e6d2f349a180dcd2c3eb1cd) Importer(815301076,1909f56bfc062723c751e8b465ee728b)
Start importing Assets/Plugins/Custom Script Templates/Images/Favicon.png using Guid(56f0e7123e6d2f349a180dcd2c3eb1cd) Importer(815301076,1909f56bfc062723c751e8b465ee728b)  -> (artifact id: '3d8f248bab581c86013e412f57f70a44') in 0.012306 seconds 
========================================================================
Received Import Request.
  Time since last request: 0.000210 seconds.
  path: Assets/Plugins/Custom Script Templates/Images/Custom Namespace.png
  artifactKey: Guid(1d45a309314e1d842883903db2245980) Importer(815301076,1909f56bfc062723c751e8b465ee728b)
Start importing Assets/Plugins/Custom Script Templates/Images/Custom Namespace.png using Guid(1d45a309314e1d842883903db2245980) Importer(815301076,1909f56bfc062723c751e8b465ee728b)  -> (artifact id: 'b8315cd18397222c5686ed6084f75606') in 0.011938 seconds 
========================================================================
Received Import Request.
  Time since last request: 0.000208 seconds.
  path: Assets/Plugins/Custom Script Templates/Images/Import.png
  artifactKey: Guid(99eff36fd17a81246b9076f2aaf057cb) Importer(815301076,1909f56bfc062723c751e8b465ee728b)
Start importing Assets/Plugins/Custom Script Templates/Images/Import.png using Guid(99eff36fd17a81246b9076f2aaf057cb) Importer(815301076,1909f56bfc062723c751e8b465ee728b)  -> (artifact id: '73188d24891d86c64a4e012e5d4b91f1') in 0.013613 seconds 
========================================================================
Received Import Request.
  Time since last request: 0.000262 seconds.
  path: Assets/Plugins/Custom Script Templates/Images/Template.png
  artifactKey: Guid(2fb1946987264554b8272d324f395eb8) Importer(815301076,1909f56bfc062723c751e8b465ee728b)
Start importing Assets/Plugins/Custom Script Templates/Images/Template.png using Guid(2fb1946987264554b8272d324f395eb8) Importer(815301076,1909f56bfc062723c751e8b465ee728b)  -> (artifact id: '5ef46adcd3268c7a219a0c8c201f1302') in 0.011506 seconds 
========================================================================
Received Import Request.
  Time since last request: 0.000200 seconds.
  path: Assets/Plugins/Custom Script Templates/Images/Settings.png
  artifactKey: Guid(656efbe7606d6864bb6d6735cbc7f638) Importer(815301076,1909f56bfc062723c751e8b465ee728b)
Start importing Assets/Plugins/Custom Script Templates/Images/Settings.png using Guid(656efbe7606d6864bb6d6735cbc7f638) Importer(815301076,1909f56bfc062723c751e8b465ee728b)  -> (artifact id: 'e61bf00f00fedb1ad435342dbd4e6497') in 0.014722 seconds 
========================================================================
Received Import Request.
  Time since last request: 0.000196 seconds.
  path: Assets/Plugins/Custom Script Templates/Images/Templates Path.png
  artifactKey: Guid(3c7c450687595104099927c724008d7a) Importer(815301076,1909f56bfc062723c751e8b465ee728b)
Start importing Assets/Plugins/Custom Script Templates/Images/Templates Path.png using Guid(3c7c450687595104099927c724008d7a) Importer(815301076,1909f56bfc062723c751e8b465ee728b)  -> (artifact id: '65e7e747d1a5ea8977fc392950371868') in 0.007557 seconds 
========================================================================
Received Import Request.
  Time since last request: 1.263941 seconds.
  path: Assets/Plugins/Custom Script Templates/Editor
  artifactKey: Guid(934321b34153f90499ebcb220666b12c) Importer(815301076,1909f56bfc062723c751e8b465ee728b)
Start importing Assets/Plugins/Custom Script Templates/Editor using Guid(934321b34153f90499ebcb220666b12c) Importer(815301076,1909f56bfc062723c751e8b465ee728b)  -> (artifact id: '6bf74f4c98d3cb870f0ccbd36bfaabeb') in 0.001778 seconds 
========================================================================
Received Prepare
Registering precompiled user dll's ...
Registered in 0.004938 seconds.
Begin MonoManager ReloadAssembly
Symbol file LoadedFromMemory doesn't match image D:\Unity Projects\CustomScriptTemplates\Library\PackageCache\com.unity.visualscripting@1.6.1\Editor\VisualScripting.Core\Dependencies\YamlDotNet\Unity.VisualScripting.YamlDotNet.dll
Symbol file LoadedFromMemory doesn't match image D:\Unity Projects\CustomScriptTemplates\Library\PackageCache\com.unity.visualscripting@1.6.1\Editor\VisualScripting.Core\Dependencies\DotNetZip\Unity.VisualScripting.IonicZip.dll
Native extension for WindowsStandalone target not found
Refreshing native plugins compatible for Editor in 0.96 ms, found 4 plugins.
Preloading 0 native plugins for Editor in 0.00 ms.
Mono: successfully reloaded assembly
- Completed reload, in  1.367 seconds
Domain Reload Profiling:
	ReloadAssembly (1368ms)
		BeginReloadAssembly (147ms)
			ExecutionOrderSort (0ms)
			DisableScriptedObjects (9ms)
			BackupInstance (0ms)
			ReleaseScriptingObjects (0ms)
			CreateAndSetChildDomain (44ms)
		EndReloadAssembly (1158ms)
			LoadAssemblies (117ms)
			RebuildTransferFunctionScriptingTraits (0ms)
			SetupTypeCache (427ms)
			ReleaseScriptCaches (2ms)
			RebuildScriptCaches (52ms)
			SetupLoadedEditorAssemblies (435ms)
				LogAssemblyErrors (0ms)
				InitializePlatformSupportModulesInManaged (8ms)
				SetLoadedEditorAssemblies (1ms)
				RefreshPlugins (1ms)
				BeforeProcessingInitializeOnLoad (63ms)
				ProcessInitializeOnLoadAttributes (348ms)
				ProcessInitializeOnLoadMethodAttributes (12ms)
				AfterProcessingInitializeOnLoad (3ms)
				EditorAssembliesLoaded (0ms)
			ExecutionOrderSort2 (0ms)
			AwakeInstancesAfterBackupRestoration (18ms)
Platform modules already initialized, skipping
Refreshing native plugins compatible for Editor in 0.91 ms, found 4 plugins.
Preloading 0 native plugins for Editor in 0.00 ms.
Unloading 3683 Unused Serialized files (Serialized files now loaded: 0)
System memory in use before: 147.5 MB.
System memory in use after: 147.6 MB.

Unloading 25 unused Assets to reduce memory usage. Loaded Objects now: 4268.
Total: 4.834200 ms (FindLiveObjects: 0.319000 ms CreateObjectMapping: 0.180500 ms MarkObjects: 4.218700 ms  DeleteObjects: 0.114300 ms)

AssetImportParameters requested are different than current active one (requested -> active):
  custom:framework-win-MediaFoundation: 216162199b28c13a410421893ffa2e32 -> 
  custom:video-decoder-ogg-theora: a1e56fd34408186e4bbccfd4996cb3dc -> 
  custom:container-muxer-webm: aa71ff27fc2769a1b78a27578f13a17b -> 
  custom:container-demuxer-webm: 4f35f7cbe854078d1ac9338744f61a02 -> 
  custom:container-demuxer-ogg: 62fdf1f143b41e24485cea50d1cbac27 -> 
  custom:video-encoder-webm-vp8: eb34c28f22e8b96e1ab97ce403110664 -> 
  custom:video-decoder-webm-vp8: 9c59270c3fd7afecdb556c50c9e8de78 -> 
  custom:audio-decoder-ogg-vorbis: bf7c407c2cedff20999df2af8eb42d56 -> 
  custom:audio-encoder-webm-vorbis: bf7c407c2cedff20999df2af8eb42d56 -> 
========================================================================
Received Import Request.
  Time since last request: 30.542914 seconds.
  path: Assets/Plugins/Custom Script Templates/HOW_TO_USE (Open in Browser).html
  artifactKey: Guid(2e93b3a524b78d94bb7d1a441045893b) Importer(815301076,1909f56bfc062723c751e8b465ee728b)
Start importing Assets/Plugins/Custom Script Templates/HOW_TO_USE (Open in Browser).html using Guid(2e93b3a524b78d94bb7d1a441045893b) Importer(815301076,1909f56bfc062723c751e8b465ee728b)  -> (artifact id: 'bc7d4dcbbc0feaccd06943438eb34ba6') in 0.015871 seconds 
